22:03:19:019 [main] INFO  org.example.entity.Point - Создана точка: Point(0.0, 0.0)
22:03:19:019 [main] INFO  org.example.entity.Point - Создана точка: Point(1.0, 1.0)
22:03:19:019 [main] INFO  org.example.entity.Point - Создана точка: Point(2.0, 0.0)
22:03:19:019 [main] INFO  org.example.entity.Triangle - Создан треугольник: Triangle(1): Point(0.0, 0.0), Point(1.0, 1.0), Point(2.0, 0.0)
22:03:19:019 [main] INFO  org.example.services.TriangleValidator - Проверка валидности треугольника: Triangle(1): Point(0.0, 0.0), Point(1.0, 1.0), Point(2.0, 0.0)
22:03:19:019 [main] INFO  org.example.services.TriangleValidator - Треугольник валиден.
22:03:19:019 [main] INFO  org.example.entity.Point - Создана точка: Point(0.0, 0.0)
22:03:19:019 [main] INFO  org.example.entity.Point - Создана точка: Point(3.0, 0.0)
22:03:19:019 [main] INFO  org.example.entity.Point - Создана точка: Point(0.0, 4.0)
22:03:19:019 [main] INFO  org.example.entity.Triangle - Создан треугольник: Triangle(1): Point(0.0, 0.0), Point(3.0, 0.0), Point(0.0, 4.0)
22:03:19:019 [main] INFO  org.example.services.TriangleValidator - Проверка валидности треугольника: Triangle(1): Point(0.0, 0.0), Point(3.0, 0.0), Point(0.0, 4.0)
22:03:19:019 [main] INFO  org.example.services.TriangleValidator - Треугольник валиден.
22:03:19:019 [main] INFO  org.example.entity.Point - Создана точка: Point(0.0, 0.0)
22:03:19:019 [main] INFO  org.example.entity.Point - Создана точка: Point(3.0, 0.0)
22:03:19:019 [main] INFO  org.example.entity.Point - Создана точка: Point(0.0, 4.0)
22:03:19:019 [main] INFO  org.example.entity.Triangle - Создан треугольник: Triangle(1): Point(0.0, 0.0), Point(3.0, 0.0), Point(0.0, 4.0)
22:03:19:019 [main] INFO  org.example.services.TriangleValidator - Проверка валидности треугольника: Triangle(1): Point(0.0, 0.0), Point(3.0, 0.0), Point(0.0, 4.0)
22:03:19:019 [main] INFO  org.example.services.TriangleValidator - Треугольник валиден.
22:03:19:019 [main] INFO  org.example.entity.Point - Создана точка: Point(0.0, 0.0)
22:03:19:019 [main] INFO  org.example.entity.Point - Создана точка: Point(1.0, 1.0)
22:03:19:019 [main] INFO  org.example.entity.Point - Создана точка: Point(2.0, 2.0)
22:03:19:019 [main] INFO  org.example.entity.Triangle - Создан треугольник: Triangle(1): Point(0.0, 0.0), Point(1.0, 1.0), Point(2.0, 2.0)
22:03:19:019 [main] INFO  org.example.services.TriangleValidator - Проверка валидности треугольника: Triangle(1): Point(0.0, 0.0), Point(1.0, 1.0), Point(2.0, 2.0)
22:03:19:019 [main] ERROR org.example.services.TriangleValidator - Ошибка: Треугольник из таких точек невозможно создать. Стороны: AB=1.4142135623730951, BC=1.4142135623730951, CA=2.8284271247461903
22:03:19:019 [main] INFO  org.example.entity.Point - Создана точка: Point(0.0, 0.0)
22:03:19:019 [main] INFO  org.example.entity.Point - Создана точка: Point(1.0, 1.0)
22:03:19:019 [main] INFO  org.example.entity.Point - Создана точка: Point(2.0, 2.0)
22:03:19:019 [main] INFO  org.example.entity.Triangle - Создан треугольник: Triangle(1): Point(0.0, 0.0), Point(1.0, 1.0), Point(2.0, 2.0)
22:03:19:019 [main] INFO  org.example.services.TriangleValidator - Проверка валидности треугольника: Triangle(1): Point(0.0, 0.0), Point(1.0, 1.0), Point(2.0, 2.0)
22:03:19:019 [main] ERROR org.example.services.TriangleValidator - Ошибка: Треугольник из таких точек невозможно создать. Стороны: AB=1.4142135623730951, BC=1.4142135623730951, CA=2.8284271247461903
22:03:19:019 [main] INFO  org.example.entity.Point - Создана точка: Point(0.0, 0.0)
22:03:19:019 [main] INFO  org.example.entity.Point - Создана точка: Point(1.0, 1.7320508075688772)
22:03:19:019 [main] INFO  org.example.entity.Point - Создана точка: Point(2.0, 0.0)
22:03:19:019 [main] INFO  org.example.entity.Triangle - Создан треугольник: Triangle(1): Point(0.0, 0.0), Point(1.0, 1.7320508075688772), Point(2.0, 0.0)
22:03:19:019 [main] INFO  org.example.services.TriangleValidator - Проверка валидности треугольника: Triangle(1): Point(0.0, 0.0), Point(1.0, 1.7320508075688772), Point(2.0, 0.0)
22:03:19:019 [main] INFO  org.example.services.TriangleValidator - Треугольник валиден.
22:03:19:019 [main] INFO  org.example.services.TriangleValidator - Проверка валидности треугольника: Triangle(1): Point(0.0, 0.0), Point(1.0, 1.7320508075688772), Point(2.0, 0.0)
22:03:19:019 [main] INFO  org.example.services.TriangleValidator - Треугольник валиден.
22:03:19:019 [main] INFO  org.example.entity.Point - Создана точка: Point(0.0, 0.0)
22:03:19:019 [main] INFO  org.example.entity.Point - Создана точка: Point(3.0, 0.0)
22:03:19:019 [main] INFO  org.example.entity.Point - Создана точка: Point(0.0, 4.0)
22:03:19:019 [main] INFO  org.example.entity.Triangle - Создан треугольник: Triangle(1): Point(0.0, 0.0), Point(3.0, 0.0), Point(0.0, 4.0)
22:03:19:019 [main] INFO  org.example.services.TriangleValidator - Проверка валидности треугольника: Triangle(1): Point(0.0, 0.0), Point(3.0, 0.0), Point(0.0, 4.0)
22:03:19:019 [main] INFO  org.example.services.TriangleValidator - Треугольник валиден.
22:03:19:019 [main] INFO  org.example.entity.Point - Создана точка: Point(0.0, 0.0)
22:03:19:019 [main] INFO  org.example.entity.Point - Создана точка: Point(3.0, 0.0)
22:03:19:019 [main] INFO  org.example.entity.Point - Создана точка: Point(0.0, 4.0)
22:03:19:019 [main] INFO  org.example.entity.Triangle - Создан треугольник: Triangle(1): Point(0.0, 0.0), Point(3.0, 0.0), Point(0.0, 4.0)
22:03:19:019 [main] INFO  org.example.services.TriangleValidator - Проверка валидности треугольника: Triangle(1): Point(0.0, 0.0), Point(3.0, 0.0), Point(0.0, 4.0)
22:03:19:019 [main] INFO  org.example.services.TriangleValidator - Треугольник валиден.
22:03:19:019 [main] INFO  org.example.entity.Point - Создана точка: Point(0.0, 0.0)
22:03:19:019 [main] INFO  org.example.entity.Point - Создана точка: Point(3.0, 0.0)
22:03:19:019 [main] INFO  org.example.entity.Point - Создана точка: Point(0.0, 4.0)
22:03:19:019 [main] INFO  org.example.entity.Triangle - Создан треугольник: Triangle(1): Point(0.0, 0.0), Point(3.0, 0.0), Point(0.0, 4.0)
22:03:19:019 [main] INFO  org.example.services.TriangleValidator - Проверка валидности треугольника: Triangle(1): Point(0.0, 0.0), Point(3.0, 0.0), Point(0.0, 4.0)
22:03:19:019 [main] INFO  org.example.services.TriangleValidator - Треугольник валиден.
22:03:19:019 [main] INFO  org.example.entity.Point - Создана точка: Point(0.0, 0.0)
22:03:19:019 [main] INFO  org.example.entity.Point - Создана точка: Point(2.0, 0.0)
22:03:19:019 [main] INFO  org.example.entity.Point - Создана точка: Point(1.0, 1.7320508075688772)
22:03:19:019 [main] INFO  org.example.entity.Triangle - Создан треугольник: Triangle(1): Point(0.0, 0.0), Point(2.0, 0.0), Point(1.0, 1.7320508075688772)
22:03:19:019 [main] INFO  org.example.services.TriangleValidator - Проверка валидности треугольника: Triangle(1): Point(0.0, 0.0), Point(2.0, 0.0), Point(1.0, 1.7320508075688772)
22:03:19:019 [main] INFO  org.example.services.TriangleValidator - Треугольник валиден.
22:03:19:019 [main] INFO  org.example.entity.Point - Создана точка: Point(0.0, 0.0)
22:03:19:019 [main] INFO  org.example.entity.Point - Создана точка: Point(1.0, 1.7320508075688772)
22:03:19:019 [main] INFO  org.example.entity.Point - Создана точка: Point(2.0, 0.0)
22:03:19:019 [main] INFO  org.example.entity.Triangle - Создан треугольник: Triangle(1): Point(0.0, 0.0), Point(1.0, 1.7320508075688772), Point(2.0, 0.0)
22:03:19:019 [main] INFO  org.example.services.TriangleValidator - Проверка валидности треугольника: Triangle(1): Point(0.0, 0.0), Point(1.0, 1.7320508075688772), Point(2.0, 0.0)
22:03:19:019 [main] INFO  org.example.services.TriangleValidator - Треугольник валиден.
22:03:19:019 [main] INFO  org.example.entity.Point - Создана точка: Point(0.0, 0.0)
22:03:19:019 [main] INFO  org.example.entity.Point - Создана точка: Point(4.0, 0.0)
22:03:19:019 [main] INFO  org.example.entity.Point - Создана точка: Point(0.0, 5.0)
22:03:19:019 [main] INFO  org.example.entity.Triangle - Создан треугольник: Triangle(1): Point(0.0, 0.0), Point(4.0, 0.0), Point(0.0, 5.0)
22:03:19:019 [main] INFO  org.example.services.TriangleValidator - Проверка валидности треугольника: Triangle(1): Point(0.0, 0.0), Point(4.0, 0.0), Point(0.0, 5.0)
22:03:19:019 [main] INFO  org.example.services.TriangleValidator - Треугольник валиден.
22:03:19:019 [main] INFO  org.example.services.TriangleValidator - Проверка валидности треугольника: Triangle(1): Point(0.0, 0.0), Point(4.0, 0.0), Point(0.0, 5.0)
22:03:19:019 [main] INFO  org.example.services.TriangleValidator - Треугольник валиден.
22:03:19:019 [main] INFO  org.example.services.TriangleValidator - Проверка валидности треугольника: Triangle(1): Point(0.0, 0.0), Point(4.0, 0.0), Point(0.0, 5.0)
22:03:19:019 [main] INFO  org.example.services.TriangleValidator - Треугольник валиден.
22:04:54:054 [main] INFO  org.example.entity.Point - Создана точка: Point(0.0, 0.0)
22:04:54:054 [main] INFO  org.example.entity.Point - Создана точка: Point(1.0, 1.0)
22:04:54:054 [main] INFO  org.example.entity.Point - Создана точка: Point(2.0, 1.0)
22:04:54:054 [main] INFO  org.example.entity.Triangle - Создан треугольник: Triangle(1): Point(0.0, 0.0), Point(1.0, 1.0), Point(2.0, 1.0)
22:04:54:054 [main] INFO  org.example.services.TriangleValidator - Проверка валидности треугольника: Triangle(1): Point(0.0, 0.0), Point(1.0, 1.0), Point(2.0, 1.0)
22:04:54:054 [main] INFO  org.example.services.TriangleValidator - Треугольник валиден.
22:05:01:001 [main] INFO  org.example.entity.Point - Создана точка: Point(0.0, 0.0)
22:05:01:001 [main] INFO  org.example.entity.Point - Создана точка: Point(1.0, 1.0)
22:05:01:001 [main] INFO  org.example.entity.Point - Создана точка: Point(2.0, 1.0)
22:05:01:001 [main] INFO  org.example.entity.Triangle - Создан треугольник: Triangle(1): Point(0.0, 0.0), Point(1.0, 1.0), Point(2.0, 1.0)
22:05:01:001 [main] INFO  org.example.services.TriangleValidator - Проверка валидности треугольника: Triangle(1): Point(0.0, 0.0), Point(1.0, 1.0), Point(2.0, 1.0)
22:05:01:001 [main] INFO  org.example.services.TriangleValidator - Треугольник валиден.
22:05:01:001 [main] INFO  org.example.entity.Point - Создана точка: Point(0.0, 0.0)
22:05:01:001 [main] INFO  org.example.entity.Point - Создана точка: Point(3.0, 0.0)
22:05:01:001 [main] INFO  org.example.entity.Point - Создана точка: Point(0.0, 4.0)
22:05:01:001 [main] INFO  org.example.entity.Triangle - Создан треугольник: Triangle(1): Point(0.0, 0.0), Point(3.0, 0.0), Point(0.0, 4.0)
22:05:01:001 [main] INFO  org.example.services.TriangleValidator - Проверка валидности треугольника: Triangle(1): Point(0.0, 0.0), Point(3.0, 0.0), Point(0.0, 4.0)
22:05:01:001 [main] INFO  org.example.services.TriangleValidator - Треугольник валиден.
22:05:01:001 [main] INFO  org.example.entity.Point - Создана точка: Point(0.0, 0.0)
22:05:01:001 [main] INFO  org.example.entity.Point - Создана точка: Point(3.0, 0.0)
22:05:01:001 [main] INFO  org.example.entity.Point - Создана точка: Point(0.0, 4.0)
22:05:01:001 [main] INFO  org.example.entity.Triangle - Создан треугольник: Triangle(1): Point(0.0, 0.0), Point(3.0, 0.0), Point(0.0, 4.0)
22:05:01:001 [main] INFO  org.example.services.TriangleValidator - Проверка валидности треугольника: Triangle(1): Point(0.0, 0.0), Point(3.0, 0.0), Point(0.0, 4.0)
22:05:01:001 [main] INFO  org.example.services.TriangleValidator - Треугольник валиден.
22:05:01:001 [main] INFO  org.example.entity.Point - Создана точка: Point(0.0, 0.0)
22:05:01:001 [main] INFO  org.example.entity.Point - Создана точка: Point(1.0, 1.0)
22:05:01:001 [main] INFO  org.example.entity.Point - Создана точка: Point(2.0, 2.0)
22:05:01:001 [main] INFO  org.example.entity.Triangle - Создан треугольник: Triangle(1): Point(0.0, 0.0), Point(1.0, 1.0), Point(2.0, 2.0)
22:05:01:001 [main] INFO  org.example.services.TriangleValidator - Проверка валидности треугольника: Triangle(1): Point(0.0, 0.0), Point(1.0, 1.0), Point(2.0, 2.0)
22:05:01:001 [main] ERROR org.example.services.TriangleValidator - Ошибка: Треугольник из таких точек невозможно создать. Стороны: AB=1.4142135623730951, BC=1.4142135623730951, CA=2.8284271247461903
22:05:01:001 [main] INFO  org.example.entity.Point - Создана точка: Point(0.0, 0.0)
22:05:01:001 [main] INFO  org.example.entity.Point - Создана точка: Point(1.0, 1.0)
22:05:01:001 [main] INFO  org.example.entity.Point - Создана точка: Point(2.0, 2.0)
22:05:01:001 [main] INFO  org.example.entity.Triangle - Создан треугольник: Triangle(1): Point(0.0, 0.0), Point(1.0, 1.0), Point(2.0, 2.0)
22:05:01:001 [main] INFO  org.example.services.TriangleValidator - Проверка валидности треугольника: Triangle(1): Point(0.0, 0.0), Point(1.0, 1.0), Point(2.0, 2.0)
22:05:01:001 [main] ERROR org.example.services.TriangleValidator - Ошибка: Треугольник из таких точек невозможно создать. Стороны: AB=1.4142135623730951, BC=1.4142135623730951, CA=2.8284271247461903
22:05:01:001 [main] INFO  org.example.entity.Point - Создана точка: Point(0.0, 0.0)
22:05:01:001 [main] INFO  org.example.entity.Point - Создана точка: Point(1.0, 1.7320508075688772)
22:05:01:001 [main] INFO  org.example.entity.Point - Создана точка: Point(2.0, 0.0)
22:05:01:001 [main] INFO  org.example.entity.Triangle - Создан треугольник: Triangle(1): Point(0.0, 0.0), Point(1.0, 1.7320508075688772), Point(2.0, 0.0)
22:05:01:001 [main] INFO  org.example.services.TriangleValidator - Проверка валидности треугольника: Triangle(1): Point(0.0, 0.0), Point(1.0, 1.7320508075688772), Point(2.0, 0.0)
22:05:01:001 [main] INFO  org.example.services.TriangleValidator - Треугольник валиден.
22:05:01:001 [main] INFO  org.example.services.TriangleValidator - Проверка валидности треугольника: Triangle(1): Point(0.0, 0.0), Point(1.0, 1.7320508075688772), Point(2.0, 0.0)
22:05:01:001 [main] INFO  org.example.services.TriangleValidator - Треугольник валиден.
22:05:01:001 [main] INFO  org.example.entity.Point - Создана точка: Point(0.0, 0.0)
22:05:01:001 [main] INFO  org.example.entity.Point - Создана точка: Point(3.0, 0.0)
22:05:01:001 [main] INFO  org.example.entity.Point - Создана точка: Point(0.0, 4.0)
22:05:01:001 [main] INFO  org.example.entity.Triangle - Создан треугольник: Triangle(1): Point(0.0, 0.0), Point(3.0, 0.0), Point(0.0, 4.0)
22:05:01:001 [main] INFO  org.example.services.TriangleValidator - Проверка валидности треугольника: Triangle(1): Point(0.0, 0.0), Point(3.0, 0.0), Point(0.0, 4.0)
22:05:01:001 [main] INFO  org.example.services.TriangleValidator - Треугольник валиден.
22:05:01:001 [main] INFO  org.example.entity.Point - Создана точка: Point(0.0, 0.0)
22:05:01:001 [main] INFO  org.example.entity.Point - Создана точка: Point(3.0, 0.0)
22:05:01:001 [main] INFO  org.example.entity.Point - Создана точка: Point(0.0, 4.0)
22:05:01:001 [main] INFO  org.example.entity.Triangle - Создан треугольник: Triangle(1): Point(0.0, 0.0), Point(3.0, 0.0), Point(0.0, 4.0)
22:05:01:001 [main] INFO  org.example.services.TriangleValidator - Проверка валидности треугольника: Triangle(1): Point(0.0, 0.0), Point(3.0, 0.0), Point(0.0, 4.0)
22:05:01:001 [main] INFO  org.example.services.TriangleValidator - Треугольник валиден.
22:05:01:001 [main] INFO  org.example.entity.Point - Создана точка: Point(0.0, 0.0)
22:05:01:001 [main] INFO  org.example.entity.Point - Создана точка: Point(3.0, 0.0)
22:05:01:001 [main] INFO  org.example.entity.Point - Создана точка: Point(0.0, 4.0)
22:05:01:001 [main] INFO  org.example.entity.Triangle - Создан треугольник: Triangle(1): Point(0.0, 0.0), Point(3.0, 0.0), Point(0.0, 4.0)
22:05:01:001 [main] INFO  org.example.services.TriangleValidator - Проверка валидности треугольника: Triangle(1): Point(0.0, 0.0), Point(3.0, 0.0), Point(0.0, 4.0)
22:05:01:001 [main] INFO  org.example.services.TriangleValidator - Треугольник валиден.
22:05:01:001 [main] INFO  org.example.entity.Point - Создана точка: Point(0.0, 0.0)
22:05:01:001 [main] INFO  org.example.entity.Point - Создана точка: Point(2.0, 0.0)
22:05:01:001 [main] INFO  org.example.entity.Point - Создана точка: Point(1.0, 1.7320508075688772)
22:05:01:001 [main] INFO  org.example.entity.Triangle - Создан треугольник: Triangle(1): Point(0.0, 0.0), Point(2.0, 0.0), Point(1.0, 1.7320508075688772)
22:05:01:001 [main] INFO  org.example.services.TriangleValidator - Проверка валидности треугольника: Triangle(1): Point(0.0, 0.0), Point(2.0, 0.0), Point(1.0, 1.7320508075688772)
22:05:01:001 [main] INFO  org.example.services.TriangleValidator - Треугольник валиден.
22:05:01:001 [main] INFO  org.example.entity.Point - Создана точка: Point(0.0, 0.0)
22:05:01:001 [main] INFO  org.example.entity.Point - Создана точка: Point(1.0, 1.7320508075688772)
22:05:01:001 [main] INFO  org.example.entity.Point - Создана точка: Point(2.0, 0.0)
22:05:01:001 [main] INFO  org.example.entity.Triangle - Создан треугольник: Triangle(1): Point(0.0, 0.0), Point(1.0, 1.7320508075688772), Point(2.0, 0.0)
22:05:01:001 [main] INFO  org.example.services.TriangleValidator - Проверка валидности треугольника: Triangle(1): Point(0.0, 0.0), Point(1.0, 1.7320508075688772), Point(2.0, 0.0)
22:05:01:001 [main] INFO  org.example.services.TriangleValidator - Треугольник валиден.
22:05:01:001 [main] INFO  org.example.entity.Point - Создана точка: Point(0.0, 0.0)
22:05:01:001 [main] INFO  org.example.entity.Point - Создана точка: Point(4.0, 0.0)
22:05:01:001 [main] INFO  org.example.entity.Point - Создана точка: Point(0.0, 5.0)
22:05:01:001 [main] INFO  org.example.entity.Triangle - Создан треугольник: Triangle(1): Point(0.0, 0.0), Point(4.0, 0.0), Point(0.0, 5.0)
