13:45:09:009 [main] INFO  org.example.FileReader.TriangleFileReader - Чтение файла треугольника из: C:\Users\memch\Desktop\MAIS_LW3\src\main\resources\input.txt
13:45:09:009 [main] INFO  org.example.entity.Point - Создана точка: Point(1.0, 1.0)
13:45:09:009 [main] INFO  org.example.entity.Point - Создана точка: Point(3.0, 3.0)
13:45:09:009 [main] INFO  org.example.entity.Point - Создана точка: Point(5.0, 1.0)
13:45:09:009 [main] INFO  org.example.entity.Triangle - Создан треугольник: Triangle(1): Point(1.0, 1.0), Point(3.0, 3.0), Point(5.0, 1.0)
13:45:09:009 [main] INFO  org.example.entity.Triangle - Треугольник успешно создан: Triangle(1): Point(1.0, 1.0), Point(3.0, 3.0), Point(5.0, 1.0)
13:45:09:009 [main] INFO  org.example.Factories.TriangleFactory - Создан треугольник с ID 1: Triangle(1): Point(1.0, 1.0), Point(3.0, 3.0), Point(5.0, 1.0)
13:45:09:009 [main] INFO  org.example.FileReader.TriangleFileReader - Успешно создан треугольник: Triangle(1): Point(1.0, 1.0), Point(3.0, 3.0), Point(5.0, 1.0)
13:45:09:009 [main] INFO  org.example.services.TriangleValidator - Проверка валидности треугольника: Triangle(1): Point(1.0, 1.0), Point(3.0, 3.0), Point(5.0, 1.0)
13:45:09:009 [main] INFO  org.example.services.TriangleValidator - Треугольник валиден.
13:45:09:009 [main] INFO  org.example.services.TriangleValidator - Проверка валидности треугольника: Triangle(1): Point(1.0, 1.0), Point(3.0, 3.0), Point(5.0, 1.0)
13:45:09:009 [main] INFO  org.example.services.TriangleValidator - Треугольник валиден.
13:45:09:009 [main] INFO  org.example.services.TriangleValidator - Проверка валидности треугольника: Triangle(1): Point(1.0, 1.0), Point(3.0, 3.0), Point(5.0, 1.0)
13:45:09:009 [main] INFO  org.example.services.TriangleValidator - Треугольник валиден.
13:45:09:009 [main] INFO  org.example.services.TriangleValidator - Проверка валидности треугольника: Triangle(1): Point(1.0, 1.0), Point(3.0, 3.0), Point(5.0, 1.0)
13:45:09:009 [main] INFO  org.example.services.TriangleValidator - Треугольник валиден.
13:54:08:008 [main] INFO  org.example.FileReader.TriangleFileReader - Чтение файла треугольника из: C:\Users\memch\Desktop\MAIS_LW3\src\main\resources\input.txt
13:54:08:008 [main] INFO  org.example.entity.Point - Создана точка: Point(1.0, 1.0)
13:54:08:008 [main] INFO  org.example.entity.Point - Создана точка: Point(3.0, 3.0)
13:54:08:008 [main] INFO  org.example.entity.Point - Создана точка: Point(5.0, 1.0)
13:54:08:008 [main] INFO  org.example.entity.Triangle - Создан треугольник: Triangle(1): Point(1.0, 1.0), Point(3.0, 3.0), Point(5.0, 1.0)
13:54:08:008 [main] INFO  org.example.entity.Triangle - Треугольник успешно создан: Triangle(1): Point(1.0, 1.0), Point(3.0, 3.0), Point(5.0, 1.0)
13:54:08:008 [main] INFO  org.example.Factories.TriangleFactory - Создан треугольник с ID 1: Triangle(1): Point(1.0, 1.0), Point(3.0, 3.0), Point(5.0, 1.0)
13:54:08:008 [main] INFO  org.example.FileReader.TriangleFileReader - Успешно создан треугольник: Triangle(1): Point(1.0, 1.0), Point(3.0, 3.0), Point(5.0, 1.0)
13:54:08:008 [main] INFO  org.example.services.TriangleValidator - Проверка валидности треугольника: Triangle(1): Point(1.0, 1.0), Point(3.0, 3.0), Point(5.0, 1.0)
13:54:08:008 [main] INFO  org.example.services.TriangleValidator - Треугольник валиден.
13:55:04:004 [main] INFO  org.example.FileReader.TriangleFileReader - Чтение файла треугольника из: C:\Users\memch\Desktop\MAIS_LW3\src\main\resources\input.txt
13:55:04:004 [main] INFO  org.example.entity.Point - Создана точка: Point(1.0, 1.0)
13:55:04:004 [main] INFO  org.example.entity.Point - Создана точка: Point(3.0, 3.0)
13:55:04:004 [main] INFO  org.example.entity.Point - Создана точка: Point(5.0, 1.0)
13:55:04:004 [main] INFO  org.example.entity.Triangle - Создан треугольник: Triangle(1): Point(1.0, 1.0), Point(3.0, 3.0), Point(5.0, 1.0)
13:55:04:004 [main] INFO  org.example.entity.Triangle - Треугольник успешно создан: Triangle(1): Point(1.0, 1.0), Point(3.0, 3.0), Point(5.0, 1.0)
13:55:04:004 [main] INFO  org.example.Factories.TriangleFactory - Создан треугольник с ID 1: Triangle(1): Point(1.0, 1.0), Point(3.0, 3.0), Point(5.0, 1.0)
13:55:04:004 [main] INFO  org.example.FileReader.TriangleFileReader - Успешно создан треугольник: Triangle(1): Point(1.0, 1.0), Point(3.0, 3.0), Point(5.0, 1.0)
13:55:04:004 [main] INFO  org.example.services.TriangleValidator - Проверка валидности треугольника: Triangle(1): Point(1.0, 1.0), Point(3.0, 3.0), Point(5.0, 1.0)
13:55:04:004 [main] INFO  org.example.services.TriangleValidator - Треугольник валиден.
13:55:04:004 [main] INFO  org.example.services.TriangleValidator - Проверка валидности треугольника: Triangle(1): Point(1.0, 1.0), Point(3.0, 3.0), Point(5.0, 1.0)
13:55:04:004 [main] INFO  org.example.services.TriangleValidator - Треугольник валиден.
13:55:04:004 [main] INFO  org.example.services.TriangleValidator - Проверка валидности треугольника: Triangle(1): Point(1.0, 1.0), Point(3.0, 3.0), Point(5.0, 1.0)
13:55:04:004 [main] INFO  org.example.services.TriangleValidator - Треугольник валиден.
13:55:04:004 [main] INFO  org.example.services.TriangleValidator - Проверка валидности треугольника: Triangle(1): Point(1.0, 1.0), Point(3.0, 3.0), Point(5.0, 1.0)
13:55:04:004 [main] INFO  org.example.services.TriangleValidator - Треугольник валиден.
21:53:07:007 [main] INFO  org.example.entity.Point - Создана точка: Point(1.0, 2.0)
21:53:07:007 [main] INFO  org.example.entity.Point - Создана точка: Point(1.0, 2.0)
21:53:07:007 [main] INFO  org.example.entity.Point - Создана точка: Point(1.0, 2.0)
21:53:07:007 [main] INFO  org.example.entity.Point - Создана точка: Point(1.0, 2.0)
21:53:07:007 [main] INFO  org.example.entity.Point - Создана точка: Point(1.0, 2.0)
21:53:07:007 [main] INFO  org.example.entity.Point - Создана точка: Point(2.0, 3.0)
21:53:07:007 [main] INFO  org.example.entity.Point - Создана точка: Point(1.0, 2.0)
21:53:07:007 [main] INFO  org.example.entity.Point - Создана точка: Point(1.0, 2.0)
21:53:07:007 [main] INFO  org.example.entity.Point - Создана точка: Point(2.0, 3.0)
21:53:07:007 [main] INFO  org.example.entity.Point - Создана точка: Point(1.0, 2.0)
21:53:07:007 [main] INFO  org.example.entity.Point - Создана точка: Point(1.0, 2.0)
21:53:07:007 [main] INFO  org.example.entity.Point - Создана точка: Point(1.0, 2.0)
21:53:24:024 [main] INFO  org.example.entity.Point - Создана точка: Point(1.0, 2.0)
21:53:24:024 [main] INFO  org.example.entity.Point - Создана точка: Point(1.0, 2.0)
21:53:24:024 [main] INFO  org.example.entity.Point - Создана точка: Point(1.0, 2.0)
21:53:24:024 [main] INFO  org.example.entity.Point - Создана точка: Point(1.0, 2.0)
21:53:24:024 [main] INFO  org.example.entity.Point - Создана точка: Point(1.0, 2.0)
21:53:24:024 [main] INFO  org.example.entity.Point - Создана точка: Point(2.0, 3.0)
21:53:24:024 [main] INFO  org.example.entity.Point - Создана точка: Point(1.0, 2.0)
21:53:24:024 [main] INFO  org.example.entity.Point - Создана точка: Point(1.0, 2.0)
21:53:24:024 [main] INFO  org.example.entity.Point - Создана точка: Point(2.0, 3.0)
21:53:24:024 [main] INFO  org.example.entity.Point - Создана точка: Point(1.0, 2.0)
21:53:24:024 [main] INFO  org.example.entity.Point - Создана точка: Point(1.0, 2.0)
21:53:24:024 [main] INFO  org.example.entity.Point - Создана точка: Point(1.0, 2.0)
21:56:42:042 [main] INFO  org.example.entity.Point - Создана точка: Point(1.0, 2.0)
21:56:42:042 [main] INFO  org.example.entity.Point - Создана точка: Point(3.0, 4.0)
21:56:42:042 [main] INFO  org.example.entity.Point - Создана точка: Point(5.0, 6.0)
21:56:42:042 [main] INFO  org.example.entity.Triangle - Создан треугольник: Triangle(1): Point(1.0, 2.0), Point(3.0, 4.0), Point(5.0, 6.0)
21:56:42:042 [main] INFO  org.example.entity.Point - Создана точка: Point(1.0, 2.0)
21:56:42:042 [main] INFO  org.example.entity.Point - Создана точка: Point(3.0, 4.0)
21:56:42:042 [main] INFO  org.example.entity.Point - Создана точка: Point(5.0, 6.0)
21:56:42:042 [main] INFO  org.example.entity.Triangle - Создан треугольник: Triangle(1): Point(1.0, 2.0), Point(3.0, 4.0), Point(5.0, 6.0)
21:56:42:042 [main] INFO  org.example.entity.Point - Создана точка: Point(1.0, 2.0)
21:56:42:042 [main] INFO  org.example.entity.Point - Создана точка: Point(3.0, 4.0)
21:56:42:042 [main] INFO  org.example.entity.Point - Создана точка: Point(5.0, 6.0)
21:56:42:042 [main] INFO  org.example.entity.Triangle - Создан треугольник: Triangle(1): Point(1.0, 2.0), Point(3.0, 4.0), Point(5.0, 6.0)
21:56:42:042 [main] INFO  org.example.entity.Point - Создана точка: Point(1.0, 2.0)
21:56:42:042 [main] INFO  org.example.entity.Point - Создана точка: Point(3.0, 4.0)
21:56:42:042 [main] INFO  org.example.entity.Point - Создана точка: Point(5.0, 6.0)
21:56:42:042 [main] INFO  org.example.entity.Triangle - Создан треугольник: Triangle(1): Point(1.0, 2.0), Point(3.0, 4.0), Point(5.0, 6.0)
21:56:42:042 [main] INFO  org.example.entity.Point - Создана точка: Point(1.0, 2.0)
21:56:42:042 [main] INFO  org.example.entity.Point - Создана точка: Point(3.0, 4.0)
21:56:42:042 [main] INFO  org.example.entity.Point - Создана точка: Point(7.0, 8.0)
21:56:42:042 [main] INFO  org.example.entity.Triangle - Создан треугольник: Triangle(2): Point(1.0, 2.0), Point(3.0, 4.0), Point(7.0, 8.0)
21:56:42:042 [main] INFO  org.example.entity.Point - Создана точка: Point(1.0, 2.0)
21:56:42:042 [main] INFO  org.example.entity.Point - Создана точка: Point(3.0, 4.0)
21:56:42:042 [main] ERROR org.example.entity.Triangle - Ошибка создания треугольника: требуется ровно три точки, получено 2
21:56:42:042 [main] INFO  org.example.entity.Point - Создана точка: Point(1.0, 2.0)
21:56:42:042 [main] INFO  org.example.entity.Point - Создана точка: Point(3.0, 4.0)
21:56:42:042 [main] INFO  org.example.entity.Point - Создана точка: Point(5.0, 6.0)
21:56:42:042 [main] INFO  org.example.entity.Triangle - Создан треугольник: Triangle(1): Point(1.0, 2.0), Point(3.0, 4.0), Point(5.0, 6.0)
21:56:42:042 [main] INFO  org.example.entity.Point - Создана точка: Point(1.0, 2.0)
21:56:42:042 [main] INFO  org.example.entity.Point - Создана точка: Point(3.0, 4.0)
21:56:42:042 [main] INFO  org.example.entity.Point - Создана точка: Point(5.0, 6.0)
21:56:42:042 [main] INFO  org.example.entity.Triangle - Создан треугольник: Triangle(1): Point(1.0, 2.0), Point(3.0, 4.0), Point(5.0, 6.0)
21:56:42:042 [main] INFO  org.example.entity.Point - Создана точка: Point(1.0, 2.0)
21:56:42:042 [main] INFO  org.example.entity.Point - Создана точка: Point(3.0, 4.0)
21:56:42:042 [main] INFO  org.example.entity.Point - Создана точка: Point(5.0, 6.0)
21:56:42:042 [main] INFO  org.example.entity.Triangle - Создан треугольник: Triangle(1): Point(1.0, 2.0), Point(3.0, 4.0), Point(5.0, 6.0)
21:56:42:042 [main] INFO  org.example.entity.Triangle - Треугольник успешно создан: Triangle(1): Point(1.0, 2.0), Point(3.0, 4.0), Point(5.0, 6.0)
21:56:42:042 [main] INFO  org.example.entity.Point - Создана точка: Point(1.0, 2.0)
21:56:42:042 [main] INFO  org.example.entity.Point - Создана точка: Point(3.0, 4.0)
21:56:42:042 [main] INFO  org.example.entity.Point - Создана точка: Point(5.0, 6.0)
21:56:42:042 [main] INFO  org.example.entity.Triangle - Создан треугольник: Triangle(1): Point(1.0, 2.0), Point(3.0, 4.0), Point(5.0, 6.0)
21:56:42:042 [main] INFO  org.example.entity.Point - Создана точка: Point(1.0, 2.0)
21:56:42:042 [main] INFO  org.example.entity.Point - Создана точка: Point(3.0, 4.0)
21:56:42:042 [main] INFO  org.example.entity.Point - Создана точка: Point(5.0, 6.0)
21:56:42:042 [main] INFO  org.example.entity.Triangle - Создан треугольник: Triangle(1): Point(1.0, 2.0), Point(3.0, 4.0), Point(5.0, 6.0)
21:56:42:042 [main] INFO  org.example.entity.Point - Создана точка: Point(1.0, 2.0)
21:56:42:042 [main] INFO  org.example.entity.Point - Создана точка: Point(3.0, 4.0)
21:56:42:042 [main] INFO  org.example.entity.Point - Создана точка: Point(5.0, 6.0)
21:56:42:042 [main] INFO  org.example.entity.Triangle - Создан треугольник: Triangle(1): Point(1.0, 2.0), Point(3.0, 4.0), Point(5.0, 6.0)
21:56:42:042 [main] INFO  org.example.entity.Point - Создана точка: Point(1.0, 2.0)
21:56:42:042 [main] INFO  org.example.entity.Point - Создана точка: Point(3.0, 4.0)
21:56:42:042 [main] INFO  org.example.entity.Point - Создана точка: Point(7.0, 8.0)
21:56:42:042 [main] INFO  org.example.entity.Triangle - Создан треугольник: Triangle(2): Point(1.0, 2.0), Point(3.0, 4.0), Point(7.0, 8.0)
21:56:42:042 [main] ERROR org.example.entity.Triangle - Ошибка создания треугольника: требуется ровно три точки, получено null
21:56:42:042 [main] INFO  org.example.entity.Point - Создана точка: Point(1.0, 2.0)
21:56:42:042 [main] INFO  org.example.entity.Point - Создана точка: Point(3.0, 4.0)
21:56:42:042 [main] INFO  org.example.entity.Point - Создана точка: Point(5.0, 6.0)
21:56:42:042 [main] INFO  org.example.entity.Triangle - Создан треугольник: Triangle(1): Point(1.0, 2.0), Point(3.0, 4.0), Point(5.0, 6.0)
21:59:49:049 [main] INFO  org.example.entity.Point - Создана точка: Point(0.0, 0.0)
21:59:49:049 [main] INFO  org.example.entity.Point - Создана точка: Point(3.0, 4.0)
21:59:49:049 [main] INFO  org.example.entity.Point - Создана точка: Point(0.0, 0.0)
21:59:49:049 [main] INFO  org.example.entity.Point - Создана точка: Point(3.0, 0.0)
21:59:49:049 [main] INFO  org.example.entity.Point - Создана точка: Point(0.0, 4.0)
21:59:49:049 [main] INFO  org.example.entity.Triangle - Создан треугольник: Triangle(1): Point(0.0, 0.0), Point(3.0, 0.0), Point(0.0, 4.0)
21:59:49:049 [main] INFO  org.example.services.TriangleValidator - Проверка валидности треугольника: Triangle(1): Point(0.0, 0.0), Point(3.0, 0.0), Point(0.0, 4.0)
21:59:49:049 [main] INFO  org.example.services.TriangleValidator - Треугольник валиден.
21:59:49:049 [main] INFO  org.example.entity.Point - Создана точка: Point(1.0, 1.0)
21:59:49:049 [main] INFO  org.example.entity.Point - Создана точка: Point(0.0, 0.0)
21:59:49:049 [main] INFO  org.example.entity.Point - Создана точка: Point(1.0, 1.0)
21:59:49:049 [main] INFO  org.example.entity.Point - Создана точка: Point(2.0, 2.0)
21:59:49:049 [main] INFO  org.example.entity.Triangle - Создан треугольник: Triangle(2): Point(0.0, 0.0), Point(1.0, 1.0), Point(2.0, 2.0)
21:59:49:049 [main] INFO  org.example.services.TriangleValidator - Проверка валидности треугольника: Triangle(2): Point(0.0, 0.0), Point(1.0, 1.0), Point(2.0, 2.0)
21:59:49:049 [main] ERROR org.example.services.TriangleValidator - Ошибка: Треугольник из таких точек невозможно создать. Стороны: AB=1.4142135623730951, BC=1.4142135623730951, CA=2.8284271247461903
21:59:49:049 [main] INFO  org.example.entity.Point - Создана точка: Point(0.0, 0.0)
21:59:49:049 [main] INFO  org.example.entity.Point - Создана точка: Point(1.0, 0.0)
21:59:49:049 [main] INFO  org.example.entity.Point - Создана точка: Point(2.0, 0.0)
21:59:49:049 [main] INFO  org.example.entity.Triangle - Создан треугольник: Triangle(3): Point(0.0, 0.0), Point(1.0, 0.0), Point(2.0, 0.0)
21:59:49:049 [main] INFO  org.example.services.TriangleValidator - Проверка валидности треугольника: Triangle(3): Point(0.0, 0.0), Point(1.0, 0.0), Point(2.0, 0.0)
21:59:49:049 [main] ERROR org.example.services.TriangleValidator - Ошибка: Треугольник из таких точек невозможно создать. Стороны: AB=1.0, BC=1.0, CA=2.0
22:00:37:037 [main] INFO  org.example.entity.Point - Создана точка: Point(0.0, 0.0)
22:00:37:037 [main] INFO  org.example.entity.Point - Создана точка: Point(3.0, 4.0)
22:00:37:037 [main] INFO  org.example.entity.Point - Создана точка: Point(0.0, 0.0)
22:00:37:037 [main] INFO  org.example.entity.Point - Создана точка: Point(3.0, 0.0)
22:00:37:037 [main] INFO  org.example.entity.Point - Создана точка: Point(0.0, 4.0)
22:00:37:037 [main] INFO  org.example.entity.Triangle - Создан треугольник: Triangle(1): Point(0.0, 0.0), Point(3.0, 0.0), Point(0.0, 4.0)
22:00:37:037 [main] INFO  org.example.services.TriangleValidator - Проверка валидности треугольника: Triangle(1): Point(0.0, 0.0), Point(3.0, 0.0), Point(0.0, 4.0)
22:00:37:037 [main] INFO  org.example.services.TriangleValidator - Треугольник валиден.
22:00:37:037 [main] INFO  org.example.entity.Point - Создана точка: Point(1.0, 1.0)
22:00:37:037 [main] INFO  org.example.entity.Point - Создана точка: Point(0.0, 0.0)
22:00:37:037 [main] INFO  org.example.entity.Point - Создана точка: Point(1.0, 1.0)
22:00:37:037 [main] INFO  org.example.entity.Point - Создана точка: Point(2.0, 2.0)
22:00:37:037 [main] INFO  org.example.entity.Triangle - Создан треугольник: Triangle(2): Point(0.0, 0.0), Point(1.0, 1.0), Point(2.0, 2.0)
22:00:37:037 [main] INFO  org.example.services.TriangleValidator - Проверка валидности треугольника: Triangle(2): Point(0.0, 0.0), Point(1.0, 1.0), Point(2.0, 2.0)
22:00:37:037 [main] ERROR org.example.services.TriangleValidator - Ошибка: Треугольник из таких точек невозможно создать. Стороны: AB=1.4142135623730951, BC=1.4142135623730951, CA=2.8284271247461903
22:00:37:037 [main] INFO  org.example.entity.Point - Создана точка: Point(0.0, 0.0)
22:00:37:037 [main] INFO  org.example.entity.Point - Создана точка: Point(1.0, 0.0)
22:00:37:037 [main] INFO  org.example.entity.Point - Создана точка: Point(2.0, 0.0)
22:00:37:037 [main] INFO  org.example.entity.Triangle - Создан треугольник: Triangle(3): Point(0.0, 0.0), Point(1.0, 0.0), Point(2.0, 0.0)
22:00:37:037 [main] INFO  org.example.services.TriangleValidator - Проверка валидности треугольника: Triangle(3): Point(0.0, 0.0), Point(1.0, 0.0), Point(2.0, 0.0)
22:00:37:037 [main] ERROR org.example.services.TriangleValidator - Ошибка: Треугольник из таких точек невозможно создать. Стороны: AB=1.0, BC=1.0, CA=2.0
